This is pdfTeX, Version 3.141592653-2.6-1.40.22 (TeX Live 2021) (preloaded format=pdflatex 2021.11.28)  15 SEP 2024 23:46
entering extended mode
 restricted \write18 enabled.
 %&-line parsing enabled.
**Response.tex
(./Response.tex
LaTeX2e <2020-10-01> patch level 4
L3 programming layer <2021-02-18>
(/usr/local/texlive/2021/texmf-dist/tex/latex/IEEEtran/IEEEtran.cls
Document Class: IEEEtran 2015/08/26 V1.8b by Michael Shell
-- See the "IEEEtran_HOWTO" manual for usage information.
-- http://www.michaelshell.org/tex/ieeetran/
\@IEEEtrantmpdimenA=\dimen138
\@IEEEtrantmpdimenB=\dimen139
\@IEEEtrantmpdimenC=\dimen140
\@IEEEtrantmpcountA=\count179
\@IEEEtrantmpcountB=\count180
\@IEEEtrantmpcountC=\count181
\@IEEEtrantmptoksA=\toks15
LaTeX Font Info:    Trying to load font information for OT1+ptm on input line 5
03.
(/usr/local/texlive/2021/texmf-dist/tex/latex/psnfss/ot1ptm.fd
File: ot1ptm.fd 2001/06/04 font definitions for OT1/ptm.
)
-- Using 8.5in x 11in (letter) paper.
-- Using PDF output.
\@IEEEnormalsizeunitybaselineskip=\dimen141
-- This is a 12 point document.
\CLASSINFOnormalsizebaselineskip=\dimen142
\CLASSINFOnormalsizeunitybaselineskip=\dimen143
\IEEEnormaljot=\dimen144
LaTeX Font Info:    Font shape `OT1/ptm/bx/n' in size <6> not available
(Font)              Font shape `OT1/ptm/b/n' tried instead on input line 1090.
LaTeX Font Info:    Font shape `OT1/ptm/bx/it' in size <6> not available
(Font)              Font shape `OT1/ptm/b/it' tried instead on input line 1090.

LaTeX Font Info:    Font shape `OT1/ptm/bx/n' in size <8> not available
(Font)              Font shape `OT1/ptm/b/n' tried instead on input line 1090.
LaTeX Font Info:    Font shape `OT1/ptm/bx/it' in size <8> not available
(Font)              Font shape `OT1/ptm/b/it' tried instead on input line 1090.

LaTeX Font Info:    Font shape `OT1/ptm/bx/n' in size <9> not available
(Font)              Font shape `OT1/ptm/b/n' tried instead on input line 1090.
LaTeX Font Info:    Font shape `OT1/ptm/bx/it' in size <9> not available
(Font)              Font shape `OT1/ptm/b/it' tried instead on input line 1090.

LaTeX Font Info:    Font shape `OT1/ptm/bx/n' in size <10> not available
(Font)              Font shape `OT1/ptm/b/n' tried instead on input line 1090.
LaTeX Font Info:    Font shape `OT1/ptm/bx/it' in size <10> not available
(Font)              Font shape `OT1/ptm/b/it' tried instead on input line 1090.

LaTeX Font Info:    Font shape `OT1/ptm/bx/n' in size <12> not available
(Font)              Font shape `OT1/ptm/b/n' tried instead on input line 1090.
LaTeX Font Info:    Font shape `OT1/ptm/bx/it' in size <12> not available
(Font)              Font shape `OT1/ptm/b/it' tried instead on input line 1090.

LaTeX Font Info:    Font shape `OT1/ptm/bx/n' in size <14> not available
(Font)              Font shape `OT1/ptm/b/n' tried instead on input line 1090.
LaTeX Font Info:    Font shape `OT1/ptm/bx/it' in size <14> not available
(Font)              Font shape `OT1/ptm/b/it' tried instead on input line 1090.

LaTeX Font Info:    Font shape `OT1/ptm/bx/n' in size <20> not available
(Font)              Font shape `OT1/ptm/b/n' tried instead on input line 1090.
LaTeX Font Info:    Font shape `OT1/ptm/bx/it' in size <20> not available
(Font)              Font shape `OT1/ptm/b/it' tried instead on input line 1090.

LaTeX Font Info:    Font shape `OT1/ptm/bx/n' in size <22> not available
(Font)              Font shape `OT1/ptm/b/n' tried instead on input line 1090.
LaTeX Font Info:    Font shape `OT1/ptm/bx/it' in size <22> not available
(Font)              Font shape `OT1/ptm/b/it' tried instead on input line 1090.

LaTeX Font Info:    Font shape `OT1/ptm/bx/n' in size <24> not available
(Font)              Font shape `OT1/ptm/b/n' tried instead on input line 1090.
LaTeX Font Info:    Font shape `OT1/ptm/bx/it' in size <24> not available
(Font)              Font shape `OT1/ptm/b/it' tried instead on input line 1090.

\IEEEquantizedlength=\dimen145
\IEEEquantizedlengthdiff=\dimen146
\IEEEquantizedtextheightdiff=\dimen147
\IEEEilabelindentA=\dimen148
\IEEEilabelindentB=\dimen149
\IEEEilabelindent=\dimen150
\IEEEelabelindent=\dimen151
\IEEEdlabelindent=\dimen152
\IEEElabelindent=\dimen153
\IEEEiednormlabelsep=\dimen154
\IEEEiedmathlabelsep=\dimen155
\IEEEiedtopsep=\skip47
\c@section=\count182
\c@subsection=\count183
\c@subsubsection=\count184
\c@paragraph=\count185
\c@IEEEsubequation=\count186
\abovecaptionskip=\skip48
\belowcaptionskip=\skip49
\c@figure=\count187
\c@table=\count188
\@IEEEeqnnumcols=\count189
\@IEEEeqncolcnt=\count190
\@IEEEsubeqnnumrollback=\count191
\@IEEEquantizeheightA=\dimen156
\@IEEEquantizeheightB=\dimen157
\@IEEEquantizeheightC=\dimen158
\@IEEEquantizeprevdepth=\dimen159
\@IEEEquantizemultiple=\count192
\@IEEEquantizeboxA=\box47
\@IEEEtmpitemindent=\dimen160
\IEEEPARstartletwidth=\dimen161
\c@IEEEbiography=\count193
\@IEEEtranrubishbin=\box48
) (/usr/local/texlive/2021/texmf-dist/tex/latex/booktabs/booktabs.sty
Package: booktabs 2020/01/12 v1.61803398 Publication quality tables
\heavyrulewidth=\dimen162
\lightrulewidth=\dimen163
\cmidrulewidth=\dimen164
\belowrulesep=\dimen165
\belowbottomsep=\dimen166
\aboverulesep=\dimen167
\abovetopsep=\dimen168
\cmidrulesep=\dimen169
\cmidrulekern=\dimen170
\defaultaddspace=\dimen171
\@cmidla=\count194
\@cmidlb=\count195
\@aboverulesep=\dimen172
\@belowrulesep=\dimen173
\@thisruleclass=\count196
\@lastruleclass=\count197
\@thisrulewidth=\dimen174
)
(/usr/local/texlive/2021/texmf-dist/tex/latex/bbm-macros/bbm.sty
Package: bbm 1999/03/15 V 1.2 provides fonts for set symbols - TH
LaTeX Font Info:    Overwriting math alphabet `\mathbbm' in version `bold'
(Font)                  U/bbm/m/n --> U/bbm/bx/n on input line 33.
LaTeX Font Info:    Overwriting math alphabet `\mathbbmss' in version `bold'
(Font)                  U/bbmss/m/n --> U/bbmss/bx/n on input line 35.
)
(/usr/local/texlive/2021/texmf-dist/tex/latex/amsfonts/amssymb.sty
Package: amssymb 2013/01/14 v3.01 AMS font symbols

(/usr/local/texlive/2021/texmf-dist/tex/latex/amsfonts/amsfonts.sty
Package: amsfonts 2013/01/14 v3.01 Basic AMSFonts support
\@emptytoks=\toks16
\symAMSa=\mathgroup4
\symAMSb=\mathgroup5
LaTeX Font Info:    Redeclaring math symbol \hbar on input line 98.
LaTeX Font Info:    Overwriting math alphabet `\mathfrak' in version `bold'
(Font)                  U/euf/m/n --> U/euf/b/n on input line 106.
))
(/usr/local/texlive/2021/texmf-dist/tex/latex/algorithmicx/algpseudocode.sty
Package: algpseudocode 

(/usr/local/texlive/2021/texmf-dist/tex/latex/base/ifthen.sty
Package: ifthen 2014/09/29 v1.1c Standard LaTeX ifthen package (DPC)
)
(/usr/local/texlive/2021/texmf-dist/tex/latex/algorithmicx/algorithmicx.sty
Package: algorithmicx 2005/04/27 v1.2 Algorithmicx

Document Style algorithmicx 1.2 - a greatly improved `algorithmic' style
\c@ALG@line=\count198
\c@ALG@rem=\count199
\c@ALG@nested=\count266
\ALG@tlm=\skip50
\ALG@thistlm=\skip51
\c@ALG@Lnr=\count267
\c@ALG@blocknr=\count268
\c@ALG@storecount=\count269
\c@ALG@tmpcounter=\count270
\ALG@tmplength=\skip52
)
Document Style - pseudocode environments for use with the `algorithmicx' style
) (/usr/local/texlive/2021/texmf-dist/tex/latex/amsmath/amsmath.sty
Package: amsmath 2020/09/23 v2.17i AMS math features
\@mathmargin=\skip53

For additional information on amsmath, use the `?' option.
(/usr/local/texlive/2021/texmf-dist/tex/latex/amsmath/amstext.sty
Package: amstext 2000/06/29 v2.01 AMS text

(/usr/local/texlive/2021/texmf-dist/tex/latex/amsmath/amsgen.sty
File: amsgen.sty 1999/11/30 v2.0 generic functions
\@emptytoks=\toks17
\ex@=\dimen175
))
(/usr/local/texlive/2021/texmf-dist/tex/latex/amsmath/amsbsy.sty
Package: amsbsy 1999/11/29 v1.2d Bold Symbols
\pmbraise@=\dimen176
)
(/usr/local/texlive/2021/texmf-dist/tex/latex/amsmath/amsopn.sty
Package: amsopn 2016/03/08 v2.02 operator names
)
\inf@bad=\count271
LaTeX Info: Redefining \frac on input line 234.
\uproot@=\count272
\leftroot@=\count273
LaTeX Info: Redefining \overline on input line 399.
\classnum@=\count274
\DOTSCASE@=\count275
LaTeX Info: Redefining \ldots on input line 496.
LaTeX Info: Redefining \dots on input line 499.
LaTeX Info: Redefining \cdots on input line 620.
\Mathstrutbox@=\box49
\strutbox@=\box50
\big@size=\dimen177
LaTeX Font Info:    Redeclaring font encoding OML on input line 743.
LaTeX Font Info:    Redeclaring font encoding OMS on input line 744.
\macc@depth=\count276
\c@MaxMatrixCols=\count277
\dotsspace@=\muskip16
\c@parentequation=\count278
\dspbrk@lvl=\count279
\tag@help=\toks18
\row@=\count280
\column@=\count281
\maxfields@=\count282
\andhelp@=\toks19
\eqnshift@=\dimen178
\alignsep@=\dimen179
\tagshift@=\dimen180
\tagwidth@=\dimen181
\totwidth@=\dimen182
\lineht@=\dimen183
\@envbody=\toks20
\multlinegap=\skip54
\multlinetaggap=\skip55
\mathdisplay@stack=\toks21
LaTeX Info: Redefining \[ on input line 2923.
LaTeX Info: Redefining \] on input line 2924.
)
(/usr/local/texlive/2021/texmf-dist/tex/latex/graphics/color.sty
Package: color 2020/02/24 v1.2b Standard LaTeX Color (DPC)

(/usr/local/texlive/2021/texmf-dist/tex/latex/graphics-cfg/color.cfg
File: color.cfg 2016/01/02 v1.6 sample color configuration
)
Package color Info: Driver file: pdftex.def on input line 147.

(/usr/local/texlive/2021/texmf-dist/tex/latex/graphics-def/pdftex.def
File: pdftex.def 2020/10/05 v1.2a Graphics/color driver for pdftex
))
(/usr/local/texlive/2021/texmf-dist/tex/latex/graphics/graphicx.sty
Package: graphicx 2020/09/09 v1.2b Enhanced LaTeX Graphics (DPC,SPQR)

(/usr/local/texlive/2021/texmf-dist/tex/latex/graphics/keyval.sty
Package: keyval 2014/10/28 v1.15 key=value parser (DPC)
\KV@toks@=\toks22
)
(/usr/local/texlive/2021/texmf-dist/tex/latex/graphics/graphics.sty
Package: graphics 2020/08/30 v1.4c Standard LaTeX Graphics (DPC,SPQR)

(/usr/local/texlive/2021/texmf-dist/tex/latex/graphics/trig.sty
Package: trig 2016/01/03 v1.10 sin cos tan (DPC)
)
(/usr/local/texlive/2021/texmf-dist/tex/latex/graphics-cfg/graphics.cfg
File: graphics.cfg 2016/06/04 v1.11 sample graphics configuration
)
Package graphics Info: Driver file: pdftex.def on input line 105.
)
\Gin@req@height=\dimen184
\Gin@req@width=\dimen185
)
(/usr/local/texlive/2021/texmf-dist/tex/latex/tools/verbatim.sty
Package: verbatim 2020-07-07 v1.5u LaTeX2e package for verbatim enhancements
\every@verbatim=\toks23
\verbatim@line=\toks24
\verbatim@in@stream=\read2
)
(/usr/local/texlive/2021/texmf-dist/tex/latex/psnfss/times.sty
Package: times 2020/03/25 PSNFSS-v9.3 (SPQR) 
)
(/usr/local/texlive/2021/texmf-dist/tex/latex/tools/multicol.sty
Package: multicol 2019/12/09 v1.8y multicolumn formatting (FMi)
\c@tracingmulticols=\count283
\mult@box=\box51
\multicol@leftmargin=\dimen186
\c@unbalance=\count284
\c@collectmore=\count285
\doublecol@number=\count286
\multicoltolerance=\count287
\multicolpretolerance=\count288
\full@width=\dimen187
\page@free=\dimen188
\premulticols=\dimen189
\postmulticols=\dimen190
\multicolsep=\skip56
\multicolbaselineskip=\skip57
\partial@page=\box52
\last@line=\box53
\maxbalancingoverflow=\dimen191
\mult@rightbox=\box54
\mult@grightbox=\box55
\mult@gfirstbox=\box56
\mult@firstbox=\box57
\@tempa=\box58
\@tempa=\box59
\@tempa=\box60
\@tempa=\box61
\@tempa=\box62
\@tempa=\box63
\@tempa=\box64
\@tempa=\box65
\@tempa=\box66
\@tempa=\box67
\@tempa=\box68
\@tempa=\box69
\@tempa=\box70
\@tempa=\box71
\@tempa=\box72
\@tempa=\box73
\@tempa=\box74
\@tempa=\box75
\@tempa=\box76
\@tempa=\box77
\@tempa=\box78
\@tempa=\box79
\@tempa=\box80
\@tempa=\box81
\@tempa=\box82
\@tempa=\box83
\@tempa=\box84
\@tempa=\box85
\@tempa=\box86
\@tempa=\box87
\@tempa=\box88
\@tempa=\box89
\@tempa=\box90
\@tempa=\box91
\@tempa=\box92
\@tempa=\box93
\@tempa=\box94
\c@minrows=\count289
\c@columnbadness=\count290
\c@finalcolumnbadness=\count291
\last@try=\dimen192
\multicolovershoot=\dimen193
\multicolundershoot=\dimen194
\mult@nat@firstbox=\box95
\colbreak@box=\box96
\mc@col@check@num=\count292
)
(/usr/local/texlive/2021/texmf-dist/tex/latex/caption/caption.sty
Package: caption 2020/10/26 v3.5g Customizing captions (AR)

(/usr/local/texlive/2021/texmf-dist/tex/latex/caption/caption3.sty
Package: caption3 2020/10/21 v2.2e caption3 kernel (AR)
\captionmargin=\dimen195
\captionmargin@=\dimen196
\captionwidth=\dimen197
\caption@tempdima=\dimen198
\caption@indent=\dimen199
\caption@parindent=\dimen256
\caption@hangindent=\dimen257
Package caption Info: Unknown document class (or package),
(caption)             standard defaults will be used.
Package caption Info: \@makecaption = \long macro:#1#2->\ifx \@captype \@IEEEta
blestring \footnotesize \bgroup \par \centering \@IEEEtabletopskipstrut {\norma
lfont \footnotesize #1}\\{\normalfont \footnotesize \scshape #2}\par \addvspace
 {0.5\baselineskip }\egroup \@IEEEtablecaptionsepspace \else \@IEEEfigurecaptio
nsepspace \setbox \@tempboxa \hbox {\normalfont \footnotesize {#1.}\nobreakspac
e \nobreakspace #2}\ifdim \wd \@tempboxa >\hsize \setbox \@tempboxa \hbox {\nor
malfont \footnotesize {#1.}\nobreakspace \nobreakspace }\parbox [t]{\hsize }{\n
ormalfont \footnotesize \noindent \unhbox \@tempboxa #2}\else \ifCLASSOPTIONcon
ference \hbox to\hsize {\normalfont \footnotesize \hfil \box \@tempboxa \hfil }
\else \hbox to\hsize {\normalfont \footnotesize \box \@tempboxa \hfil }\fi \fi 
\fi  on input line 1139.
)

Package caption Warning: Unknown document class (or package),
(caption)                standard defaults will be used.
See the caption package documentation for explanation.

\c@caption@flags=\count293
\c@continuedfloat=\count294
) (/usr/local/texlive/2021/texmf-dist/tex/latex/tools/array.sty
Package: array 2020/10/01 v2.5c Tabular extension package (FMi)
\col@sep=\dimen258
\ar@mcellbox=\box97
\extrarowheight=\dimen259
\NC@list=\toks25
\extratabsurround=\skip58
\backup@length=\skip59
\ar@cellbox=\box98
)
(/usr/local/texlive/2021/texmf-dist/tex/latex/jknapltx/mathrsfs.sty
Package: mathrsfs 1996/01/01 Math RSFS package v1.0 (jk)
\symrsfs=\mathgroup6
)
(/usr/local/texlive/2021/texmf-dist/tex/latex/marvosym/marvosym.sty
Package: marvosym 2011/07/20 v2.2 Martin Vogel's Symbols font definitions
)
(/usr/local/texlive/2021/texmf-dist/tex/latex/tools/bm.sty
Package: bm 2019/07/24 v1.2d Bold Symbol Support (DPC/FMi)
\symboldoperators=\mathgroup7
\symboldletters=\mathgroup8
\symboldsymbols=\mathgroup9
LaTeX Font Info:    Redeclaring math alphabet \mathbf on input line 141.
LaTeX Info: Redefining \bm on input line 209.
)
(/usr/local/texlive/2021/texmf-dist/tex/latex/setspace/setspace.sty
Package: setspace 2011/12/19 v6.7a set line spacing
)
(/usr/local/texlive/2021/texmf-dist/tex/latex/changepage/changepage.sty
Package: changepage 2009/10/20 v1.0c check page and change page layout
\c@cp@cntr=\count295
\cp@tempcnt=\count296
)
(/usr/local/texlive/2021/texmf-dist/tex/latex/float/float.sty
Package: float 2001/11/08 v1.3d Float enhancements (AL)
\c@float@type=\count297
\float@exts=\toks26
\float@box=\box99
\@float@everytoks=\toks27
\@floatcapt=\box100
)
(/usr/local/texlive/2021/texmf-dist/tex/latex/caption/subcaption.sty
Package: subcaption 2020/10/07 v1.3j Sub-captions (AR)
\c@subfigure=\count298
\c@subtable=\count299
)
(/usr/local/texlive/2021/texmf-dist/tex/latex/amscls/amsthm.sty
Package: amsthm 2020/05/29 v2.20.6
\thm@style=\toks28
\thm@bodyfont=\toks29
\thm@headfont=\toks30
\thm@notefont=\toks31
\thm@headpunct=\toks32
\thm@preskip=\skip60
\thm@postskip=\skip61
\thm@headsep=\skip62
\dth@everypar=\toks33
)
(/usr/local/texlive/2021/texmf-dist/tex/latex/base/textcomp.sty
Package: textcomp 2020/02/02 v2.0n Standard LaTeX package
)
(/usr/local/texlive/2021/texmf-dist/tex/latex/xcolor/xcolor.sty
Package: xcolor 2016/05/11 v2.12 LaTeX color extensions (UK)

(/usr/local/texlive/2021/texmf-dist/tex/latex/graphics-cfg/color.cfg
File: color.cfg 2016/01/02 v1.6 sample color configuration
)
Package xcolor Info: Driver file: pdftex.def on input line 225.
LaTeX Info: Redefining \color on input line 709.
Package xcolor Info: Model `cmy' substituted by `cmy0' on input line 1348.
Package xcolor Info: Model `hsb' substituted by `rgb' on input line 1352.
Package xcolor Info: Model `RGB' extended on input line 1364.
Package xcolor Info: Model `HTML' substituted by `rgb' on input line 1366.
Package xcolor Info: Model `Hsb' substituted by `hsb' on input line 1367.
Package xcolor Info: Model `tHsb' substituted by `hsb' on input line 1368.
Package xcolor Info: Model `HSB' substituted by `hsb' on input line 1369.
Package xcolor Info: Model `Gray' substituted by `gray' on input line 1370.
Package xcolor Info: Model `wave' substituted by `hsb' on input line 1371.
)
(/usr/local/texlive/2021/texmf-dist/tex/latex/mathtools/mathtools.sty
Package: mathtools 2021/03/18 v1.25 mathematical typesetting tools

(/usr/local/texlive/2021/texmf-dist/tex/latex/tools/calc.sty
Package: calc 2017/05/25 v4.3 Infix arithmetic (KKT,FJ)
\calc@Acount=\count300
\calc@Bcount=\count301
\calc@Adimen=\dimen260
\calc@Bdimen=\dimen261
\calc@Askip=\skip63
\calc@Bskip=\skip64
LaTeX Info: Redefining \setlength on input line 80.
LaTeX Info: Redefining \addtolength on input line 81.
\calc@Ccount=\count302
\calc@Cskip=\skip65
)
(/usr/local/texlive/2021/texmf-dist/tex/latex/mathtools/mhsetup.sty
Package: mhsetup 2021/03/18 v1.4 programming setup (MH)
)
LaTeX Info: Thecontrolsequence`\('isalreadyrobust on input line 130.
LaTeX Info: Thecontrolsequence`\)'isalreadyrobust on input line 130.
LaTeX Info: Thecontrolsequence`\['isalreadyrobust on input line 130.
LaTeX Info: Thecontrolsequence`\]'isalreadyrobust on input line 130.
\g_MT_multlinerow_int=\count303
\l_MT_multwidth_dim=\dimen262
\origjot=\skip66
\l_MT_shortvdotswithinadjustabove_dim=\dimen263
\l_MT_shortvdotswithinadjustbelow_dim=\dimen264
\l_MT_above_intertext_sep=\dimen265
\l_MT_below_intertext_sep=\dimen266
\l_MT_above_shortintertext_sep=\dimen267
\l_MT_below_shortintertext_sep=\dimen268
\xmathstrut@box=\box101
\xmathstrut@dim=\dimen269
)
(/usr/local/texlive/2021/texmf-dist/tex/latex/cite/cite.sty
LaTeX Info: Redefining \cite on input line 302.
LaTeX Info: Redefining \nocite on input line 332.
Package: cite 2015/02/27  v 5.5
)
(/usr/local/texlive/2021/texmf-dist/tex/latex/hyperref/hyperref.sty
Package: hyperref 2021-02-27 v7.00k Hypertext links for LaTeX

(/usr/local/texlive/2021/texmf-dist/tex/generic/ltxcmds/ltxcmds.sty
Package: ltxcmds 2020-05-10 v1.25 LaTeX kernel commands for general use (HO)
)
(/usr/local/texlive/2021/texmf-dist/tex/generic/iftex/iftex.sty
Package: iftex 2020/03/06 v1.0d TeX engine tests
)
(/usr/local/texlive/2021/texmf-dist/tex/generic/pdftexcmds/pdftexcmds.sty
Package: pdftexcmds 2020-06-27 v0.33 Utility functions of pdfTeX for LuaTeX (HO
)

(/usr/local/texlive/2021/texmf-dist/tex/generic/infwarerr/infwarerr.sty
Package: infwarerr 2019/12/03 v1.5 Providing info/warning/error messages (HO)
)
Package pdftexcmds Info: \pdf@primitive is available.
Package pdftexcmds Info: \pdf@ifprimitive is available.
Package pdftexcmds Info: \pdfdraftmode found.
)
(/usr/local/texlive/2021/texmf-dist/tex/generic/kvsetkeys/kvsetkeys.sty
Package: kvsetkeys 2019/12/15 v1.18 Key value parser (HO)
)
(/usr/local/texlive/2021/texmf-dist/tex/generic/kvdefinekeys/kvdefinekeys.sty
Package: kvdefinekeys 2019-12-19 v1.6 Define keys (HO)
)
(/usr/local/texlive/2021/texmf-dist/tex/generic/pdfescape/pdfescape.sty
Package: pdfescape 2019/12/09 v1.15 Implements pdfTeX's escape features (HO)
)
(/usr/local/texlive/2021/texmf-dist/tex/latex/hycolor/hycolor.sty
Package: hycolor 2020-01-27 v1.10 Color options for hyperref/bookmark (HO)
)
(/usr/local/texlive/2021/texmf-dist/tex/latex/letltxmacro/letltxmacro.sty
Package: letltxmacro 2019/12/03 v1.6 Let assignment for LaTeX macros (HO)
)
(/usr/local/texlive/2021/texmf-dist/tex/latex/auxhook/auxhook.sty
Package: auxhook 2019-12-17 v1.6 Hooks for auxiliary files (HO)
)
(/usr/local/texlive/2021/texmf-dist/tex/latex/kvoptions/kvoptions.sty
Package: kvoptions 2020-10-07 v3.14 Key value format for package options (HO)
)
\@linkdim=\dimen270
\Hy@linkcounter=\count304
\Hy@pagecounter=\count305

(/usr/local/texlive/2021/texmf-dist/tex/latex/hyperref/pd1enc.def
File: pd1enc.def 2021-02-27 v7.00k Hyperref: PDFDocEncoding definition (HO)
Now handling font encoding PD1 ...
... no UTF-8 mapping file for font encoding PD1
)
(/usr/local/texlive/2021/texmf-dist/tex/latex/hyperref/hyperref-langpatches.def
File: hyperref-langpatches.def 2021-02-27 v7.00k Hyperref: patches for babel la
nguages
) (/usr/local/texlive/2021/texmf-dist/tex/generic/intcalc/intcalc.sty
Package: intcalc 2019/12/15 v1.3 Expandable calculations with integers (HO)
)
(/usr/local/texlive/2021/texmf-dist/tex/generic/etexcmds/etexcmds.sty
Package: etexcmds 2019/12/15 v1.7 Avoid name clashes with e-TeX commands (HO)
)
\Hy@SavedSpaceFactor=\count306

(/usr/local/texlive/2021/texmf-dist/tex/latex/hyperref/puenc.def
File: puenc.def 2021-02-27 v7.00k Hyperref: PDF Unicode definition (HO)
Now handling font encoding PU ...
... no UTF-8 mapping file for font encoding PU
)
Package hyperref Info: Option `bookmarks' set `true' on input line 4073.
Package hyperref Info: Hyper figures OFF on input line 4192.
Package hyperref Info: Link nesting OFF on input line 4197.
Package hyperref Info: Hyper index ON on input line 4200.
Package hyperref Info: Plain pages OFF on input line 4207.
Package hyperref Info: Backreferencing OFF on input line 4212.
Package hyperref Info: Implicit mode ON; LaTeX internals redefined.
Package hyperref Info: Bookmarks ON on input line 4445.
\c@Hy@tempcnt=\count307

(/usr/local/texlive/2021/texmf-dist/tex/latex/url/url.sty
\Urlmuskip=\muskip17
Package: url 2013/09/16  ver 3.4  Verb mode for urls, etc.
)
LaTeX Info: Redefining \url on input line 4804.
\XeTeXLinkMargin=\dimen271

(/usr/local/texlive/2021/texmf-dist/tex/generic/bitset/bitset.sty
Package: bitset 2019/12/09 v1.3 Handle bit-vector datatype (HO)

(/usr/local/texlive/2021/texmf-dist/tex/generic/bigintcalc/bigintcalc.sty
Package: bigintcalc 2019/12/15 v1.5 Expandable calculations on big integers (HO
)
))
\Fld@menulength=\count308
\Field@Width=\dimen272
\Fld@charsize=\dimen273
Package hyperref Info: Hyper figures OFF on input line 6075.
Package hyperref Info: Link nesting OFF on input line 6080.
Package hyperref Info: Hyper index ON on input line 6083.
Package hyperref Info: backreferencing OFF on input line 6090.
Package hyperref Info: Link coloring OFF on input line 6095.
Package hyperref Info: Link coloring with OCG OFF on input line 6100.
Package hyperref Info: PDF/A mode OFF on input line 6105.
LaTeX Info: Redefining \ref on input line 6145.
LaTeX Info: Redefining \pageref on input line 6149.

(/usr/local/texlive/2021/texmf-dist/tex/latex/base/atbegshi-ltx.sty
Package: atbegshi-ltx 2020/08/17 v1.0a Emulation of the original atbegshi packa
ge
with kernel methods
)
\Hy@abspage=\count309
\c@Item=\count310
\c@Hfootnote=\count311
)
Package hyperref Info: Driver (autodetected): hpdftex.

(/usr/local/texlive/2021/texmf-dist/tex/latex/hyperref/hpdftex.def
File: hpdftex.def 2021-02-27 v7.00k Hyperref driver for pdfTeX

(/usr/local/texlive/2021/texmf-dist/tex/latex/base/atveryend-ltx.sty
Package: atveryend-ltx 2020/08/19 v1.0a Emulation of the original atvery packag
e
with kernel methods
)
\Fld@listcount=\count312
\c@bookmark@seq@number=\count313

(/usr/local/texlive/2021/texmf-dist/tex/latex/rerunfilecheck/rerunfilecheck.sty
Package: rerunfilecheck 2019/12/05 v1.9 Rerun checks for auxiliary files (HO)

(/usr/local/texlive/2021/texmf-dist/tex/generic/uniquecounter/uniquecounter.sty
Package: uniquecounter 2019/12/15 v1.4 Provide unlimited unique counter (HO)
)
Package uniquecounter Info: New unique counter `rerunfilecheck' on input line 2
86.
)
\Hy@SectionHShift=\skip67
) (/usr/local/texlive/2021/texmf-dist/tex/latex/algorithm2e/algorithm2e.sty
Package: algorithm2e 2017/07/18 v5.2 algorithms environments
\c@AlgoLine=\count314
\algocf@hangindent=\skip68

(/usr/local/texlive/2021/texmf-dist/tex/latex/ifoddpage/ifoddpage.sty
Package: ifoddpage 2016/04/23 v1.1 Conditionals for odd/even page detection
\c@checkoddpage=\count315
LaTeX Info: Redefining \checkoddpage on input line 45.
)
(/usr/local/texlive/2021/texmf-dist/tex/latex/tools/xspace.sty
Package: xspace 2014/10/28 v1.13 Space after command names (DPC,MH)
)
(/usr/local/texlive/2021/texmf-dist/tex/latex/relsize/relsize.sty
Package: relsize 2013/03/29 ver 4.1
)
\skiptotal=\skip69
\skiplinenumber=\skip70
\skiprule=\skip71
\skiphlne=\skip72
\skiptext=\skip73
\skiplength=\skip74
\algomargin=\skip75
\skipalgocfslide=\skip76
\algowidth=\dimen274
\inoutsize=\dimen275
\inoutindent=\dimen276
\interspacetitleruled=\dimen277
\interspacealgoruled=\dimen278
\interspacetitleboxruled=\dimen279
\algocf@ruledwidth=\skip77
\algocf@inoutbox=\box102
\algocf@inputbox=\box103
\AlCapSkip=\skip78
\AlCapHSkip=\skip79
\algoskipindent=\skip80
\algocf@nlbox=\box104
\algocf@hangingbox=\box105
\algocf@untilbox=\box106
\algocf@skipuntil=\skip81
\algocf@capbox=\box107
\algocf@lcaptionbox=\skip82
\algoheightruledefault=\skip83
\algoheightrule=\skip84
\algotitleheightruledefault=\skip85
\algotitleheightrule=\skip86
\c@algocfline=\count316
\c@algocfproc=\count317
\c@algocf=\count318
\algocf@algoframe=\box108
\algocf@algobox=\box109
)
\c@theorem=\count319

(/usr/local/texlive/2021/texmf-dist/tex/latex/l3backend/l3backend-pdftex.def
File: l3backend-pdftex.def 2021-03-18 L3 backend support: PDF output (pdfTeX)
\l__color_backend_stack_int=\count320
\l__pdf_internal_box=\box110
)
(./Response.aux

LaTeX Warning: Label `26' multiply defined.


LaTeX Warning: Label `fig1' multiply defined.


LaTeX Warning: Label `table' multiply defined.


LaTeX Warning: Label `alg:cap2' multiply defined.

)
\openout1 = `Response.aux'.

LaTeX Font Info:    Checking defaults for OML/cmm/m/it on input line 68.
LaTeX Font Info:    ... okay on input line 68.
LaTeX Font Info:    Checking defaults for OMS/cmsy/m/n on input line 68.
LaTeX Font Info:    ... okay on input line 68.
LaTeX Font Info:    Checking defaults for OT1/cmr/m/n on input line 68.
LaTeX Font Info:    ... okay on input line 68.
LaTeX Font Info:    Checking defaults for T1/cmr/m/n on input line 68.
LaTeX Font Info:    ... okay on input line 68.
LaTeX Font Info:    Checking defaults for TS1/cmr/m/n on input line 68.
LaTeX Font Info:    ... okay on input line 68.
LaTeX Font Info:    Checking defaults for OMX/cmex/m/n on input line 68.
LaTeX Font Info:    ... okay on input line 68.
LaTeX Font Info:    Checking defaults for U/cmr/m/n on input line 68.
LaTeX Font Info:    ... okay on input line 68.
LaTeX Font Info:    Checking defaults for PD1/pdf/m/n on input line 68.
LaTeX Font Info:    ... okay on input line 68.
LaTeX Font Info:    Checking defaults for PU/pdf/m/n on input line 68.
LaTeX Font Info:    ... okay on input line 68.

-- Lines per column: 39 (approximate, difference = 12.52962pt).
(/usr/local/texlive/2021/texmf-dist/tex/context/base/mkii/supp-pdf.mkii
[Loading MPS to PDF converter (version 2006.09.02).]
\scratchcounter=\count321
\scratchdimen=\dimen280
\scratchbox=\box111
\nofMPsegments=\count322
\nofMParguments=\count323
\everyMPshowfont=\toks34
\MPscratchCnt=\count324
\MPscratchDim=\dimen281
\MPnumerator=\count325
\makeMPintoPDFobject=\count326
\everyMPtoPDFconversion=\toks35
) (/usr/local/texlive/2021/texmf-dist/tex/latex/epstopdf-pkg/epstopdf-base.sty
Package: epstopdf-base 2020-01-24 v2.11 Base part for package epstopdf
Package epstopdf-base Info: Redefining graphics rule for `.eps' on input line 4
85.

(/usr/local/texlive/2021/texmf-dist/tex/latex/latexconfig/epstopdf-sys.cfg
File: epstopdf-sys.cfg 2010/07/13 v1.3 Configuration of (r)epstopdf for TeX Liv
e
))
Package caption Info: Begin \AtBeginDocument code.
Package caption Info: changepage package is loaded.
\caption@adjustwidth@hsize=\dimen282
\caption@adjustwidth@linewidth=\dimen283
Package caption Info: float package is loaded.
Package caption Info: hyperref package is loaded.
Package caption Info: End \AtBeginDocument code.
Package hyperref Info: Link coloring OFF on input line 68.

(/usr/local/texlive/2021/texmf-dist/tex/latex/hyperref/nameref.sty
Package: nameref 2021-04-02 v2.47 Cross-referencing by name of section

(/usr/local/texlive/2021/texmf-dist/tex/latex/refcount/refcount.sty
Package: refcount 2019/12/15 v3.6 Data extraction from label references (HO)
)
(/usr/local/texlive/2021/texmf-dist/tex/generic/gettitlestring/gettitlestring.s
ty
Package: gettitlestring 2019/12/15 v1.6 Cleanup title references (HO)
)
\c@section@level=\count327
)
LaTeX Info: Redefining \ref on input line 68.
LaTeX Info: Redefining \pageref on input line 68.
LaTeX Info: Redefining \nameref on input line 68.
 (./Response.out) (./Response.out)
\@outlinefile=\write3
\openout3 = `Response.out'.

 [1{/usr/local/texlive/2021/texmf-var/fonts/map/pdftex/updmap/pdftex.map}] [2]
LaTeX Font Info:    Trying to load font information for U+msa on input line 143
.

(/usr/local/texlive/2021/texmf-dist/tex/latex/amsfonts/umsa.fd
File: umsa.fd 2013/01/14 v3.01 AMS symbols A
)
LaTeX Font Info:    Trying to load font information for U+msb on input line 143
.

(/usr/local/texlive/2021/texmf-dist/tex/latex/amsfonts/umsb.fd
File: umsb.fd 2013/01/14 v3.01 AMS symbols B
)
LaTeX Font Info:    Trying to load font information for U+rsfs on input line 14
3.

(/usr/local/texlive/2021/texmf-dist/tex/latex/jknapltx/ursfs.fd
File: ursfs.fd 1998/03/24 rsfs font definition file (jk)
)
\LTGbeginlineexample=\count328
\LTGendlineexample=\count329
 [3]

pdfTeX warning: /Library/TeX/texbin/pdflatex (file ./Fig/queue.pdf): PDF inclus
ion: found PDF version <1.7>, but at most version <1.5> allowed
<Fig/queue.pdf, id=274, 782.925pt x 277.9986pt>
File: Fig/queue.pdf Graphic file (type pdf)
<use Fig/queue.pdf>
Package pdftex.def Info: Fig/queue.pdf  used on input line 197.
(pdftex.def)             Requested size: 364.23904pt x 129.33163pt.
[4 <./Fig/queue.pdf>]

Package amsmath Warning: Foreign command \over;
(amsmath)                \frac or \genfrac should be used instead
(amsmath)                 on input line 228.

[5]
LaTeX Font Info:    Trying to load font information for U+bbm on input line 286
.
 (/usr/local/texlive/2021/texmf-dist/tex/latex/bbm-macros/ubbm.fd
File: ubbm.fd 1999/03/15 V 1.2 Font definition for bbm font - TH
) [6]
[7] [8] [9]

pdfTeX warning: /Library/TeX/texbin/pdflatex (file ./Fig/DQN.pdf): PDF inclusio
n: found PDF version <1.7>, but at most version <1.5> allowed
<Fig/DQN.pdf, id=368, 902.41138pt x 529.01637pt>
File: Fig/DQN.pdf Graphic file (type pdf)
<use Fig/DQN.pdf>
Package pdftex.def Info: Fig/DQN.pdf  used on input line 413.
(pdftex.def)             Requested size: 364.23904pt x 213.52396pt.
[10 <./Fig/DQN.pdf>]

LaTeX Warning: Reference `alg:cap' on page 11 undefined on input line 499.

[11]

Package hyperref Warning: Token not allowed in a PDF string (Unicode):
(hyperref)                removing `math shift' on input line 512.


Package hyperref Warning: Token not allowed in a PDF string (Unicode):
(hyperref)                removing `\in' on input line 512.


Package hyperref Warning: Token not allowed in a PDF string (Unicode):
(hyperref)                removing `math shift' on input line 512.

[12]

Package hyperref Warning: Token not allowed in a PDF string (Unicode):
(hyperref)                removing `math shift' on input line 566.


Package hyperref Warning: Token not allowed in a PDF string (Unicode):
(hyperref)                removing `\in' on input line 566.


Package hyperref Warning: Token not allowed in a PDF string (Unicode):
(hyperref)                removing `math shift' on input line 566.


Underfull \hbox (badness 10000) in paragraph at lines 583--585

 []

[13pdfTeX warning (ext4): destination with the same identifier (name{equation.4
.28}) has been already used, duplicate ignored
<argument> ...shipout:D \box_use:N \l_shipout_box 
                                                  
l.590 
      ] [14]
<Fig/completed_tasks_1.pdf, id=449, 455.7025pt x 426.59375pt>
File: Fig/completed_tasks_1.pdf Graphic file (type pdf)
<use Fig/completed_tasks_1.pdf>
Package pdftex.def Info: Fig/completed_tasks_1.pdf  used on input line 704.
(pdftex.def)             Requested size: 176.91496pt x 165.6158pt.
<Fig/completed_tasks_2.pdf, id=450, 455.7025pt x 426.59375pt>
File: Fig/completed_tasks_2.pdf Graphic file (type pdf)
<use Fig/completed_tasks_2.pdf>
Package pdftex.def Info: Fig/completed_tasks_2.pdf  used on input line 710.
(pdftex.def)             Requested size: 176.91496pt x 165.6158pt.
<Fig/energy_1.pdf, id=451, 455.7025pt x 426.59375pt>
File: Fig/energy_1.pdf Graphic file (type pdf)
<use Fig/energy_1.pdf>
Package pdftex.def Info: Fig/energy_1.pdf  used on input line 725.
(pdftex.def)             Requested size: 176.91496pt x 165.6158pt.
<Fig/energy_2.pdf, id=452, 455.7025pt x 426.59375pt>
File: Fig/energy_2.pdf Graphic file (type pdf)
<use Fig/energy_2.pdf>
Package pdftex.def Info: Fig/energy_2.pdf  used on input line 731.
(pdftex.def)             Requested size: 176.91496pt x 165.6158pt.
<Fig/delay_1.pdf, id=453, 455.7025pt x 427.5975pt>
File: Fig/delay_1.pdf Graphic file (type pdf)
<use Fig/delay_1.pdf>
Package pdftex.def Info: Fig/delay_1.pdf  used on input line 744.
(pdftex.def)             Requested size: 176.91496pt x 166.0055pt.
<Fig/delay_2.pdf, id=454, 455.7025pt x 426.59375pt>
File: Fig/delay_2.pdf Graphic file (type pdf)
<use Fig/delay_2.pdf>
Package pdftex.def Info: Fig/delay_2.pdf  used on input line 750.
(pdftex.def)             Requested size: 176.91496pt x 165.6158pt.
<Fig/qoe_1.pdf, id=455, 455.7025pt x 424.58624pt>
File: Fig/qoe_1.pdf Graphic file (type pdf)
<use Fig/qoe_1.pdf>
Package pdftex.def Info: Fig/qoe_1.pdf  used on input line 763.
(pdftex.def)             Requested size: 176.91496pt x 164.83644pt.
<Fig/qoe_2.pdf, id=456, 455.7025pt x 426.59375pt>
File: Fig/qoe_2.pdf Graphic file (type pdf)
<use Fig/qoe_2.pdf>
Package pdftex.def Info: Fig/qoe_2.pdf  used on input line 768.
(pdftex.def)             Requested size: 176.91496pt x 165.6158pt.
 [15] [16 <./Fig/completed_tasks_1.pdf> <./Fig/completed_tasks_2.pdf> <./Fig/en
ergy_1.pdf> <./Fig/energy_2.pdf>] [17 <./Fig/delay_1.pdf> <./Fig/delay_2.pdf> <
./Fig/qoe_1.pdf> <./Fig/qoe_2.pdf>]
<Fig/conv1_f.pdf, id=636, 505.89pt x 376.40625pt>
File: Fig/conv1_f.pdf Graphic file (type pdf)
<use Fig/conv1_f.pdf>
Package pdftex.def Info: Fig/conv1_f.pdf  used on input line 807.
(pdftex.def)             Requested size: 176.91496pt x 131.63503pt.
<Fig/conv2_f.pdf, id=637, 505.89pt x 376.40625pt>
File: Fig/conv2_f.pdf Graphic file (type pdf)
<use Fig/conv2_f.pdf>
Package pdftex.def Info: Fig/conv2_f.pdf  used on input line 813.
(pdftex.def)             Requested size: 208.13432pt x 154.8617pt.
 [18 <./Fig/conv1_f.pdf> <./Fig/conv2_f.pdf>] [19] [20]

pdfTeX warning: /Library/TeX/texbin/pdflatex (file ./system_model.pdf): PDF inc
lusion: found PDF version <1.7>, but at most version <1.5> allowed
<system_model.pdf, id=753, 498.86375pt x 482.80376pt>
File: system_model.pdf Graphic file (type pdf)
<use system_model.pdf>
Package pdftex.def Info: system_model.pdf  used on input line 866.
(pdftex.def)             Requested size: 171.71439pt x 166.18439pt.
[21] [22 <./system_model.pdf>]
LaTeX Font Info:    Trying to load font information for T1+ptm on input line 88
5.

(/usr/local/texlive/2021/texmf-dist/tex/latex/psnfss/t1ptm.fd
File: t1ptm.fd 2001/06/04 font definitions for T1/ptm.
)
Overfull \hbox (3.20198pt too wide) in paragraph at lines 898--898
[]|$\OML/cmm/m/it/12 x[]; x[]; x[]$| 
 []

[23] [24]
<TDMA.pdf, id=809, 325.04257pt x 151.94203pt>
File: TDMA.pdf Graphic file (type pdf)
<use TDMA.pdf>
Package pdftex.def Info: TDMA.pdf  used on input line 937.
(pdftex.def)             Requested size: 180.0pt x 84.14334pt.
<task_call_graph.pdf, id=810, 400.76091pt x 192.86583pt>
File: task_call_graph.pdf Graphic file (type pdf)
<use task_call_graph.pdf>
Package pdftex.def Info: task_call_graph.pdf  used on input line 943.
(pdftex.def)             Requested size: 180.0pt x 86.62695pt.
 [25 <./TDMA.pdf> <./task_call_graph.pdf

pdfTeX warning: /Library/TeX/texbin/pdflatex (file ./task_call_graph.pdf): PDF 
inclusion: multiple pdfs with page group included in a single page
>] [26] [27] [28] [29]
<matching1.pdf, id=911, 275.0275pt x 276.03125pt>
File: matching1.pdf Graphic file (type pdf)
<use matching1.pdf>
Package pdftex.def Info: matching1.pdf  used on input line 1084.
(pdftex.def)             Requested size: 108.88016pt x 109.27568pt.
<matching2.pdf, id=912, 301.37848pt x 275.73032pt>
File: matching2.pdf Graphic file (type pdf)
<use matching2.pdf>
Package pdftex.def Info: matching2.pdf  used on input line 1090.
(pdftex.def)             Requested size: 119.44096pt x 109.27568pt.

Overfull \hbox (10.16528pt too wide) in paragraph at lines 1090--1091
 [][] 
 []

[30 <./matching1.pdf> <./matching2.pdf

pdfTeX warning: /Library/TeX/texbin/pdflatex (file ./matching2.pdf): PDF inclus
ion: multiple pdfs with page group included in a single page
>] [31] [32] [33]
LaTeX Font Info:    Trying to load font information for OT1+pcr on input line 1
245.

(/usr/local/texlive/2021/texmf-dist/tex/latex/psnfss/ot1pcr.fd
File: ot1pcr.fd 2001/06/04 font definitions for OT1/pcr.
)
Overfull \hbox (2.64108pt too wide) in paragraph at lines 1216--1251
\OT1/ptm/m/n/12 i-larly de-fine ma-tri-ces $\OML/cmm/b/it/12 T[] \OT1/cmr/m/n/1
2 = [][] \OML/cmm/m/it/12 ; i \OMS/cmsy/m/n/12 2 f\OT1/cmr/m/n/12 1\OML/cmm/m/i
t/12 ; \OT1/cmr/m/n/12 2\OML/cmm/m/it/12 ; \OT1/cmr/m/n/12 3\OMS/cmsy/m/n/12 g$
 \OT1/ptm/m/n/12 and $\OML/cmm/b/it/12 P[] \OT1/cmr/m/n/12 = [][]$\OT1/ptm/m/n/
12 as
 []

[34] [35]
<tcg1.pdf, id=1061, 281.20406pt x 226.6205pt>
File: tcg1.pdf Graphic file (type pdf)
<use tcg1.pdf>
Package pdftex.def Info: tcg1.pdf  used on input line 1295.
(pdftex.def)             Requested size: 104.06715pt x 83.86555pt.
<tcg2.pdf, id=1062, 279.56227pt x 227.22656pt>
File: tcg2.pdf Graphic file (type pdf)
<use tcg2.pdf>
Package pdftex.def Info: tcg2.pdf  used on input line 1301.
(pdftex.def)             Requested size: 104.06715pt x 84.58565pt.
<simulation_a.pdf, id=1063, 227.77632pt x 241.00702pt>
File: simulation_a.pdf Graphic file (type pdf)
<use simulation_a.pdf>
Package pdftex.def Info: simulation_a.pdf  used on input line 1313.
(pdftex.def)             Requested size: 114.47626pt x 121.1247pt.
<simulation_b.pdf, id=1064, 227.18767pt x 241.00702pt>
File: simulation_b.pdf Graphic file (type pdf)
<use simulation_b.pdf>
Package pdftex.def Info: simulation_b.pdf  used on input line 1318.
(pdftex.def)             Requested size: 114.47626pt x 121.44096pt.
<simulation_c.pdf, id=1065, 228.26595pt x 238.15128pt>
File: simulation_c.pdf Graphic file (type pdf)
<use simulation_c.pdf>
Package pdftex.def Info: simulation_c.pdf  used on input line 1323.
(pdftex.def)             Requested size: 114.47626pt x 119.43509pt.
 [36] [37 <./tcg1.pdf> <./tcg2.pdf

pdfTeX warning: /Library/TeX/texbin/pdflatex (file ./tcg2.pdf): PDF inclusion: 
multiple pdfs with page group included in a single page
> <./simulation_a.pdf

pdfTeX warning: /Library/TeX/texbin/pdflatex (file ./simulation_a.pdf): PDF inc
lusion: multiple pdfs with page group included in a single page
> <./simulation_b.pdf

pdfTeX warning: /Library/TeX/texbin/pdflatex (file ./simulation_b.pdf): PDF inc
lusion: multiple pdfs with page group included in a single page
> <./simulation_c.pdf

pdfTeX warning: /Library/TeX/texbin/pdflatex (file ./simulation_c.pdf): PDF inc
lusion: multiple pdfs with page group included in a single page
>]
<simulation2_a1.pdf, id=1153, 459.37962pt x 218.43579pt>
File: simulation2_a1.pdf Graphic file (type pdf)
<use simulation2_a1.pdf>
Package pdftex.def Info: simulation2_a1.pdf  used on input line 1352.
(pdftex.def)             Requested size: 202.93375pt x 96.49535pt.
<simulation2_b1.pdf, id=1154, 454.0378pt x 218.13467pt>
File: simulation2_b1.pdf Graphic file (type pdf)
<use simulation2_b1.pdf>
Package pdftex.def Info: simulation2_b1.pdf  used on input line 1357.
(pdftex.def)             Requested size: 202.93375pt x 97.494pt.
<simulation2_a.pdf, id=1161, 368.43983pt x 176.9843pt>
File: simulation2_a.pdf Graphic file (type pdf)
<use simulation2_a.pdf>
Package pdftex.def Info: simulation2_a.pdf  used on input line 1370.
(pdftex.def)             Requested size: 192.52464pt x 92.48065pt.
<simulation2_b.pdf, id=1162, 357.13751pt x 179.58232pt>
File: simulation2_b.pdf Graphic file (type pdf)
<use simulation2_b.pdf>
Package pdftex.def Info: simulation2_b.pdf  used on input line 1375.
(pdftex.def)             Requested size: 192.52464pt x 96.81133pt.
 [38 <./simulation2_a1.pdf> <./simulation2_b1.pdf

pdfTeX warning: /Library/TeX/texbin/pdflatex (file ./simulation2_b1.pdf): PDF i
nclusion: multiple pdfs with page group included in a single page
>] [39 <./simulation2_a.pdf> <./simulation2_b.pdf

pdfTeX warning: /Library/TeX/texbin/pdflatex (file ./simulation2_b.pdf): PDF in
clusion: multiple pdfs with page group included in a single page
>]
<simulation3_a.pdf, id=1231, 231.78946pt x 290.7137pt>
File: simulation3_a.pdf Graphic file (type pdf)
<use simulation3_a.pdf>
Package pdftex.def Info: simulation3_a.pdf  used on input line 1395.
(pdftex.def)             Requested size: 119.48784pt x 149.86205pt.
<simulation3_b.pdf, id=1232, 242.4795pt x 287.66464pt>
File: simulation3_b.pdf Graphic file (type pdf)
<use simulation3_b.pdf>
Package pdftex.def Info: simulation3_b.pdf  used on input line 1400.
(pdftex.def)             Requested size: 126.32315pt x 149.86205pt.

Overfull \hbox (1.43779pt too wide) in paragraph at lines 1400--1401
 [][] 
 []

(./Response.bbl [40 <./simulation3_a.pdf> <./simulation3_b.pdf

pdfTeX warning: /Library/TeX/texbin/pdflatex (file ./simulation3_b.pdf): PDF in
clusion: multiple pdfs with page group included in a single page
>] [41] [42]) [43]

LaTeX Warning: No \author given.


Underfull \hbox (badness 10000) in paragraph at lines 1441--1442

 []

pdfTeX warning (ext4): destination with the same identifier (name{page.1}) has 
been already used, duplicate ignored
<to be read again> 
                   \relax 
l.1448 \newpage
                [1]pdfTeX warning (ext4): destination with the same identifier 
(name{section.1}) has been already used, duplicate ignored
<to be read again> 
                   \relax 
l.1450 \section{Response to Reviewer 1}
                                       
Underfull \hbox (badness 10000) in paragraph at lines 1453--1455

 []


Underfull \hbox (badness 10000) in paragraph at lines 1456--1457

 []


Underfull \hbox (badness 10000) in paragraph at lines 1460--1462

 []


Underfull \hbox (badness 10000) in paragraph at lines 1463--1464

 []


Underfull \hbox (badness 10000) in paragraph at lines 1465--1467

 []


Underfull \hbox (badness 10000) in paragraph at lines 1468--1469

 []


Underfull \hbox (badness 10000) in paragraph at lines 1470--1472

 []


Underfull \hbox (badness 10000) in paragraph at lines 1473--1474

 []


Underfull \hbox (badness 10000) in paragraph at lines 1475--1477

 []


Underfull \hbox (badness 10000) in paragraph at lines 1478--1479

 []

pdfTeX warning (ext4): destination with the same identifier (name{page.2}) has 
been already used, duplicate ignored
<to be read again> 
                   \relax 
l.1485 \newpage
                [2]pdfTeX warning (ext4): destination with the same identifier 
(name{section.2}) has been already used, duplicate ignored
<to be read again> 
                   \relax 
l.1487 \section{Response to Reviewer 2}
                                       
Underfull \hbox (badness 10000) in paragraph at lines 1490--1492

 []


Overfull \hbox (15.96861pt too wide) in paragraph at lines 1524--1524
[]|\OT1/ptm/b/n/12 Algorithm/Methods| 
 []


Underfull \hbox (badness 10000) in paragraph at lines 1524--1524
[]|\OT1/ptm/m/n/12 Wireless-
 []


Underfull \hbox (badness 10000) in paragraph at lines 1524--1524
\OT1/ptm/m/n/12 powered
 []


Underfull \hbox (badness 10000) in paragraph at lines 1524--1524
[]|\OT1/ptm/m/n/12 Computation of-fload-ing
 []


Underfull \hbox (badness 10000) in paragraph at lines 1524--1524
[]|\OT1/ptm/m/n/12 MEC with
 []


Underfull \hbox (badness 10000) in paragraph at lines 1524--1524
[]|\OT1/ptm/m/n/12 Multi-agent
 []


Underfull \hbox (badness 10000) in paragraph at lines 1524--1524
[]|\OT1/ptm/m/n/12 Computation of-fload-ing
 []


Underfull \hbox (badness 2359) in paragraph at lines 1524--1524
[]|\OT1/ptm/m/n/12 Resource al-lo-ca-tion and
 []


Underfull \hbox (badness 2359) in paragraph at lines 1524--1524
[]|\OT1/ptm/m/n/12 Resource al-lo-ca-tion and
 []


Underfull \hbox (badness 2359) in paragraph at lines 1524--1524
[]|\OT1/ptm/m/n/12 Resource al-lo-ca-tion and
 []


Overfull \hbox (3.87pt too wide) in paragraph at lines 1524--1524
[]|\OT1/ptm/m/n/12 heterogeneous
 []


Underfull \hbox (badness 10000) in paragraph at lines 1524--1524
[]|\OT1/ptm/m/n/12 Decentralized
 []


Underfull \hbox (badness 2142) in paragraph at lines 1524--1524
[]|\OT1/ptm/m/n/12 Optimize sys-tem cost and
 []


Underfull \hbox (badness 10000) in paragraph at lines 1524--1524
[]|\OT1/ptm/m/n/12 Multi-agent
 []


Underfull \hbox (badness 10000) in paragraph at lines 1524--1524
[]|\OT1/ptm/m/n/12 MEC-based
 []


Underfull \hbox (badness 2359) in paragraph at lines 1524--1524
[]|\OT1/ptm/m/n/12 Resource al-lo-ca-tion and
 []


Underfull \hbox (badness 4686) in paragraph at lines 1524--1524
[]|\OT1/ptm/m/n/12 Online com-pu-ta-tion of-
 []


LaTeX Warning: Citation `wu2023multi' on page 3 undefined on input line 1524.


Underfull \hbox (badness 10000) in paragraph at lines 1524--1524
[]|\OT1/ptm/m/n/12 MEC-based
 []


Underfull \hbox (badness 10000) in paragraph at lines 1524--1524
[]|\OT1/ptm/m/n/12 Multi-agent
 []


LaTeX Warning: Citation `wu2023computation' on page 3 undefined on input line 1
524.


Underfull \hbox (badness 10000) in paragraph at lines 1524--1524
[]|\OT1/ptm/m/n/12 SDN-based
 []


LaTeX Warning: Citation `wu2024privacy' on page 3 undefined on input line 1524.



Underfull \hbox (badness 10000) in paragraph at lines 1524--1524
[]|\OT1/ptm/m/n/12 MEC-based
 []


Underfull \hbox (badness 10000) in paragraph at lines 1524--1524
[]|\OT1/ptm/m/n/12 Multi-agent
 []


LaTeX Warning: Citation `wu2024combining' on page 3 undefined on input line 152
4.


Underfull \hbox (badness 10000) in paragraph at lines 1524--1524
[]|\OT1/ptm/m/n/12 MEC-based
 []


Underfull \hbox (badness 2197) in paragraph at lines 1524--1524
[]|\OT1/ptm/m/n/12 Privacy aware com-pu-ta-
 []

pdfTeX warning (ext4): destination with the same identifier (name{page.3}) has 
been already used, duplicate ignored
<to be read again> 
                   \relax 
l.1528 	\newpage
                 [3]
Underfull \hbox (badness 10000) in paragraph at lines 1529--1531

 []


Underfull \hbox (badness 10000) in paragraph at lines 1532--1533

 []

pdfTeX warning (ext4): destination with the same identifier (name{page.4}) has 
been already used, duplicate ignored
<to be read again> 
                   \relax 
l.1533 	\newpage
                 [4]
Underfull \hbox (badness 10000) in paragraph at lines 1534--1537

 []


Underfull \hbox (badness 10000) in paragraph at lines 1534--1537

 []


Underfull \hbox (badness 10000) in paragraph at lines 1543--1544

 []


Overfull \hbox (12.0pt too wide) detected at line 1561
[][] 
 []


Overfull \hbox (12.0pt too wide) detected at line 1561
[][] 
 []


Underfull \hbox (badness 10000) in paragraph at lines 1574--1575

 []

pdfTeX warning (ext4): destination with the same identifier (name{page.5}) has 
been already used, duplicate ignored
<to be read again> 
                   \relax 
l.1577 \newpage
                [5]
Underfull \hbox (badness 10000) in paragraph at lines 1578--1580

 []


Underfull \hbox (badness 10000) in paragraph at lines 1586--1587

 []


Underfull \hbox (badness 10000) in paragraph at lines 1590--1591

 []


Underfull \hbox (badness 10000) in paragraph at lines 1592--1593

 []

pdfTeX warning (ext4): destination with the same identifier (name{page.6}) has 
been already used, duplicate ignored
<to be read again> 
                   \relax 
l.1606 \newpage
                [6]pdfTeX warning (ext4): destination with the same identifier 
(name{section.3}) has been already used, duplicate ignored
<to be read again> 
                   \relax 
l.1608 \section{Response to Reviewer 1}
                                       
Underfull \hbox (badness 10000) in paragraph at lines 1611--1612

 []


Underfull \hbox (badness 10000) in paragraph at lines 1613--1614

 []


Underfull \hbox (badness 10000) in paragraph at lines 1616--1617

 []


Underfull \hbox (badness 10000) in paragraph at lines 1619--1620

 []


Underfull \hbox (badness 10000) in paragraph at lines 1626--1627

 []


Underfull \hbox (badness 10000) in paragraph at lines 1630--1631

 []

pdfTeX warning (ext4): destination with the same identifier (name{page.7}) has 
been already used, duplicate ignored
<to be read again> 
                   \relax 
l.1642 ... system as WDs harvest energy from ETs.}
                                                  \newline [7]
Underfull \hbox (badness 10000) in paragraph at lines 1642--1643

 []


Underfull \hbox (badness 10000) in paragraph at lines 1646--1647

 []


Underfull \hbox (badness 10000) in paragraph at lines 1649--1650

 []


Underfull \hbox (badness 10000) in paragraph at lines 1652--1653

 []


Underfull \hbox (badness 10000) in paragraph at lines 1654--1655

 []

pdfTeX warning (ext4): destination with the same identifier (name{page.8}) has 
been already used, duplicate ignored
<to be read again> 
                   \relax 
l.1663 	\item E
               valuating the performance of WiEnTM in different scenarios an...
[8]
Underfull \hbox (badness 10000) in paragraph at lines 1666--1667

 []


Underfull \hbox (badness 10000) in paragraph at lines 1678--1679

 []

pdfTeX warning (ext4): destination with the same identifier (name{page.9}) has 
been already used, duplicate ignored
<to be read again> 
                   \relax 
l.1697 	}
          [9]
Underfull \hbox (badness 10000) in paragraph at lines 1697--1697

 []


Underfull \hbox (badness 10000) in paragraph at lines 1700--1701

 []


Underfull \hbox (badness 10000) in paragraph at lines 1702--1703

 []

File: simulation2_a.pdf Graphic file (type pdf)
<use simulation2_a.pdf>
Package pdftex.def Info: simulation2_a.pdf  used on input line 1714.
(pdftex.def)             Requested size: 223.744pt x 107.47685pt.
File: simulation2_b.pdf Graphic file (type pdf)
<use simulation2_b.pdf>
Package pdftex.def Info: simulation2_b.pdf  used on input line 1719.
(pdftex.def)             Requested size: 223.744pt x 112.50995pt.
pdfTeX warning (ext4): destination with the same identifier (name{page.10}) has
 been already used, duplicate ignored
<to be read again> 
                   \relax 
l.1733 \section
               {Response to Reviewer 2} [10]pdfTeX warning (ext4): destination 
with the same identifier (name{section.4}) has been already used, duplicate ign
ored
<to be read again> 
                   \relax 
l.1733 \section{Response to Reviewer 2}
                                       
Underfull \hbox (badness 10000) in paragraph at lines 1737--1738

 []


Overfull \hbox (3.20198pt too wide) in paragraph at lines 1785--1785
[]|$\OML/cmm/m/it/12 x[]; x[]; x[]$| 
 []


LaTeX Warning: `h' float specifier changed to `ht'.

pdfTeX warning (ext4): destination with the same identifier (name{page.11}) has
 been already used, duplicate ignored
<to be read again> 
                   \relax 
l.1792 ...ed this comment satisfactorily. \newpage
                                                   [11]pdfTeX warning (ext4): d
estination with the same identifier (name{section.5}) has been already used, du
plicate ignored
<to be read again> 
                   \relax 
l.1794 \section{Response to Reviewer 3}
                                       
Underfull \hbox (badness 10000) in paragraph at lines 1797--1798

 []


Underfull \hbox (badness 10000) in paragraph at lines 1799--1800

 []

pdfTeX warning (ext4): destination with the same identifier (name{page.12}) has
 been already used, duplicate ignored
<to be read again> 
                   \relax 
l.1800 
        [12]
Underfull \hbox (badness 10000) in paragraph at lines 1804--1805

 []


Underfull \hbox (badness 10000) in paragraph at lines 1807--1808

 []


Underfull \hbox (badness 10000) in paragraph at lines 1811--1812

 []


Underfull \hbox (badness 10000) in paragraph at lines 1814--1815

 []


Underfull \hbox (badness 10000) in paragraph at lines 1816--1817

 []


Underfull \hbox (badness 10000) in paragraph at lines 1818--1819

 []


Underfull \hbox (badness 10000) in paragraph at lines 1823--1824

 []


Underfull \hbox (badness 10000) in paragraph at lines 1827--1828

 []


Underfull \hbox (badness 10000) in paragraph at lines 1830--1831

 []

pdfTeX warning (ext4): destination with the same identifier (name{page.13}) has
 been already used, duplicate ignored
<to be read again> 
                   \relax 
l.1831 	
         [13]
Underfull \hbox (badness 10000) in paragraph at lines 1834--1835

 []


Underfull \hbox (badness 10000) in paragraph at lines 1837--1838

 []


Underfull \hbox (badness 10000) in paragraph at lines 1840--1841

 []


Underfull \hbox (badness 10000) in paragraph at lines 1846--1847

 []


Underfull \hbox (badness 10000) in paragraph at lines 1848--1849

 []


Overfull \hbox (3.20198pt too wide) in paragraph at lines 1893--1893
[]|$\OML/cmm/m/it/12 x[]; x[]; x[]$| 
 []


LaTeX Warning: `h' float specifier changed to `ht'.


Underfull \hbox (badness 10000) in paragraph at lines 1896--1897

 []

pdfTeX warning (ext4): destination with the same identifier (name{page.14}) has
 been already used, duplicate ignored
<to be read again> 
                   \relax 
l.1897 
        [14]
Underfull \hbox (badness 10000) in paragraph at lines 1898--1899

 []

pdfTeX warning (ext4): destination with the same identifier (name{page.15}) has
 been already used, duplicate ignored
<to be read again> 
                   \relax 
l.1902 \end{my}
                [15]
Underfull \hbox (badness 10000) in paragraph at lines 1904--1905

 []


Underfull \hbox (badness 10000) in paragraph at lines 1906--1908

 []


Underfull \hbox (badness 10000) in paragraph at lines 1916--1916

 []


Underfull \hbox (badness 10000) in paragraph at lines 1919--1920

 []

pdfTeX warning (ext4): destination with the same identifier (name{page.16}) has
 been already used, duplicate ignored
<to be read again> 
                   \relax 
l.1925 \end{my}
                [16]
Underfull \hbox (badness 10000) in paragraph at lines 1927--1928

 []


Underfull \hbox (badness 10000) in paragraph at lines 1929--1930

 []

File: simulation2_a.pdf Graphic file (type pdf)
<use simulation2_a.pdf>
Package pdftex.def Info: simulation2_a.pdf  used on input line 1936.
(pdftex.def)             Requested size: 223.744pt x 107.47685pt.
File: simulation2_b.pdf Graphic file (type pdf)
<use simulation2_b.pdf>
Package pdftex.def Info: simulation2_b.pdf  used on input line 1941.
(pdftex.def)             Requested size: 223.744pt x 112.50995pt.
File: simulation3_a.pdf Graphic file (type pdf)
<use simulation3_a.pdf>
Package pdftex.def Info: simulation3_a.pdf  used on input line 1952.
(pdftex.def)             Requested size: 119.48784pt x 149.86205pt.
File: simulation3_b.pdf Graphic file (type pdf)
<use simulation3_b.pdf>
Package pdftex.def Info: simulation3_b.pdf  used on input line 1957.
(pdftex.def)             Requested size: 126.32315pt x 149.86205pt.

Overfull \hbox (1.43779pt too wide) in paragraph at lines 1957--1958
 [][] 
 []

pdfTeX warning (ext4): destination with the same identifier (name{page.17}) has
 been already used, duplicate ignored
<to be read again> 
                   \relax 
l.1983 	}
         \newline [17]
Underfull \hbox (badness 10000) in paragraph at lines 1983--1984

 []


Underfull \hbox (badness 10000) in paragraph at lines 1986--1987

 []


Underfull \hbox (badness 10000) in paragraph at lines 1991--1992

 []


Underfull \hbox (badness 10000) in paragraph at lines 1996--1997

 []

pdfTeX warning (ext4): destination with the same identifier (name{section.6}) h
as been already used, duplicate ignored
<to be read again> 
                   \relax 
l.1998 \section{Response to Reviewer 4}
                                       
Underfull \hbox (badness 10000) in paragraph at lines 2002--2003

 []

pdfTeX warning (ext4): destination with the same identifier (name{page.18}) has
 been already used, duplicate ignored
<to be read again> 
                   \relax 
l.2004 	\underline{Authors' Reply}
                                  : We have applied the reviewer's comment t...
[18]
Underfull \hbox (badness 10000) in paragraph at lines 2004--2005

 []


Underfull \hbox (badness 10000) in paragraph at lines 2006--2007

 []


Underfull \hbox (badness 10000) in paragraph at lines 2008--2009

 []


Underfull \hbox (badness 10000) in paragraph at lines 2013--2014

 []


Underfull \hbox (badness 10000) in paragraph at lines 2021--2022

 []


Underfull \hbox (badness 10000) in paragraph at lines 2025--2026

 []


Underfull \hbox (badness 10000) in paragraph at lines 2027--2028

 []

File: TDMA.pdf Graphic file (type pdf)
<use TDMA.pdf>
Package pdftex.def Info: TDMA.pdf  used on input line 2038.
(pdftex.def)             Requested size: 203.23045pt x 95.0pt.

LaTeX Warning: `!h' float specifier changed to `!ht'.


Underfull \hbox (badness 10000) in paragraph at lines 2041--2042

 []


Underfull \hbox (badness 10000) in paragraph at lines 2043--2044

 []

pdfTeX warning (ext4): destination with the same identifier (name{page.19}) has
 been already used, duplicate ignored
<to be read again> 
                   \relax 
l.2044 	
         [19]
Underfull \hbox (badness 10000) in paragraph at lines 2051--2052

 []


Underfull \hbox (badness 10000) in paragraph at lines 2059--2060

 []


Underfull \hbox (badness 10000) in paragraph at lines 2061--2062

 []


Underfull \hbox (badness 10000) in paragraph at lines 2069--2070

 []

pdfTeX warning (ext4): destination with the same identifier (name{page.20}) has
 been already used, duplicate ignored
<to be read again> 
                   \relax 
l.2071 	\underline{Authors' Reply}
                                  : To address the reviewer's comment, we ha...
[20]
Underfull \hbox (badness 10000) in paragraph at lines 2071--2072

 []


Underfull \hbox (badness 10000) in paragraph at lines 2082--2083

 []


Underfull \hbox (badness 10000) in paragraph at lines 2096--2097

 []

pdfTeX warning (ext4): destination with the same identifier (name{page.21}) has
 been already used, duplicate ignored
<to be read again> 
                   \relax 
l.2097 
        [21]pdfTeX warning (ext4): destination with the same identifier (name{p
age.22}) has been already used, duplicate ignored
<to be read again> 
                   \relax 
l.2098 \end{document}
                      [22] (./Response.aux)

LaTeX Warning: There were undefined references.


LaTeX Warning: There were multiply-defined labels.

Package rerunfilecheck Info: File `Response.out' has not changed.
(rerunfilecheck)             Checksum: 1D39CF25CBC2E4506150F8DC87736277;8266.
 ) 
Here is how much of TeX's memory you used:
 15313 strings out of 478994
 233297 string characters out of 5858183
 572138 words of memory out of 5000000
 32162 multiletter control sequences out of 15000+600000
 454039 words of font info for 134 fonts, out of 8000000 for 9000
 1141 hyphenation exceptions out of 8191
 71i,21n,74p,2880b,742s stack positions out of 5000i,500n,10000p,200000b,80000s
{/usr/local/texlive/2021/texmf-dist/fonts/enc/dvips/base/8r.enc} </Users/iman
/Library/texlive/2021/texmf-var/fonts/pk/ljfour/public/bbm/bbm12.600pk></usr/lo
cal/texlive/2021/texmf-dist/fonts/type1/public/amsfonts/cm/cmbx12.pfb></usr/loc
al/texlive/2021/texmf-dist/fonts/type1/public/amsfonts/cm/cmex10.pfb></usr/loca
l/texlive/2021/texmf-dist/fonts/type1/public/amsfonts/cmextra/cmex7.pfb></usr/l
ocal/texlive/2021/texmf-dist/fonts/type1/public/amsfonts/cmextra/cmex8.pfb></us
r/local/texlive/2021/texmf-dist/fonts/type1/public/amsfonts/cm/cmmi12.pfb></usr
/local/texlive/2021/texmf-dist/fonts/type1/public/amsfonts/cm/cmmi5.pfb></usr/l
ocal/texlive/2021/texmf-dist/fonts/type1/public/amsfonts/cm/cmmi6.pfb></usr/loc
al/texlive/2021/texmf-dist/fonts/type1/public/amsfonts/cm/cmmi8.pfb></usr/local
/texlive/2021/texmf-dist/fonts/type1/public/amsfonts/cm/cmmi9.pfb></usr/local/t
exlive/2021/texmf-dist/fonts/type1/public/amsfonts/cm/cmmib10.pfb></usr/local/t
exlive/2021/texmf-dist/fonts/type1/public/amsfonts/cmextra/cmmib8.pfb></usr/loc
al/texlive/2021/texmf-dist/fonts/type1/public/amsfonts/cm/cmr12.pfb></usr/local
/texlive/2021/texmf-dist/fonts/type1/public/amsfonts/cm/cmr6.pfb></usr/local/te
xlive/2021/texmf-dist/fonts/type1/public/amsfonts/cm/cmr8.pfb></usr/local/texli
ve/2021/texmf-dist/fonts/type1/public/amsfonts/cm/cmr9.pfb></usr/local/texlive/
2021/texmf-dist/fonts/type1/public/amsfonts/cm/cmsy10.pfb></usr/local/texlive/2
021/texmf-dist/fonts/type1/public/amsfonts/cm/cmsy6.pfb></usr/local/texlive/202
1/texmf-dist/fonts/type1/public/amsfonts/cm/cmsy8.pfb></usr/local/texlive/2021/
texmf-dist/fonts/type1/public/amsfonts/symbols/msam10.pfb></usr/local/texlive/2
021/texmf-dist/fonts/type1/public/amsfonts/symbols/msbm10.pfb></usr/local/texli
ve/2021/texmf-dist/fonts/type1/urw/courier/ucrr8a.pfb></usr/local/texlive/2021/
texmf-dist/fonts/type1/urw/times/utmb8a.pfb></usr/local/texlive/2021/texmf-dist
/fonts/type1/urw/times/utmr8a.pfb></usr/local/texlive/2021/texmf-dist/fonts/typ
e1/urw/times/utmri8a.pfb>
Output written on Response.pdf (65 pages, 1764417 bytes).
PDF statistics:
 1651 PDF objects out of 1728 (max. 8388607)
 1370 compressed objects within 14 object streams
 338 named destinations out of 1000 (max. 500000)
 533 words of extra memory for PDF output out of 10000 (max. 10000000)

